<?xml version="1.0" encoding="UTF-8"?>
<!-- Generated by org.testng.reporters.JUnitReportReporter -->
<testsuite hostname="DESKTOP-D7BQHA7" failures="0" tests="1" name="assignmentWeek18.Tests.LaptopsAndNotebooksTest" time="21.244" errors="0" timestamp="07 Jan. 2023 05:49:02 GMT" skipped="0">
  <testcase classname="assignmentWeek18.Tests.LaptopsAndNotebooksTest" name="verifyLaptopsAndNoteBooksPage" time="21.244"/>
</testsuite> <!-- assignmentWeek18.Tests.LaptopsAndNotebooksTest -->
