<?xml version="1.0" encoding="UTF-8"?>
<!-- Generated by org.testng.reporters.JUnitReportReporter -->
<testsuite hostname="DESKTOP-D7BQHA7" failures="0" tests="1" name="tests.AccountCreatedTest" time="9.456" errors="0" timestamp="04 Jan. 2023 05:45:04 GMT" skipped="0">
  <testcase classname="tests.AccountCreatedTest" name="verifyUserIsAbleToAccountLogin" time="9.456"/>
</testsuite> <!-- tests.AccountCreatedTest -->
