<?xml version="1.0" encoding="UTF-8"?>
<!-- Generated by org.testng.reporters.JUnitReportReporter -->
<testsuite hostname="DESKTOP-D7BQHA7" failures="0" tests="5" name="assignmentWeek18.Tests.AssignmentWeek19" time="38.067" errors="0" timestamp="2023-01-12T03:04:30 EST" skipped="0">
  <testcase classname="assignmentWeek18.Tests.AssignmentWeek19" name="verifyUserIsAbleToAccountLogin" time="6.999"/>
  <system-out/>
  <testcase classname="assignmentWeek18.Tests.AssignmentWeek19" name="verifyUserIsAbleToAccountLogin" time="8.622"/>
  <system-out/>
  <testcase classname="assignmentWeek18.Tests.AssignmentWeek19" name="verifyUserIsAbleToAccountLogin" time="8.306"/>
  <system-out/>
  <testcase classname="assignmentWeek18.Tests.AssignmentWeek19" name="verifyUserIsAbleToAccountLogin" time="6.786"/>
  <system-out/>
  <testcase classname="assignmentWeek18.Tests.AssignmentWeek19" name="verifyUserIsAbleToAccountLogin" time="7.354"/>
  <system-out/>
</testsuite> <!-- assignmentWeek18.Tests.AssignmentWeek19 -->
