<?xml version="1.0" encoding="UTF-8"?>
<!-- Generated by org.testng.reporters.JUnitReportReporter -->
<testsuite hostname="DESKTOP-D7BQHA7" failures="0" tests="3" name="assignmentWeek17.Tests.MyAccountTest" time="32.173" errors="0" timestamp="2023-01-12T00:47:13 EST" skipped="0">
  <testcase classname="assignmentWeek17.Tests.MyAccountTest" name="verifyUserIsAbleToChangePhoneNum" time="10.449"/>
  <system-out/>
  <testcase classname="assignmentWeek17.Tests.MyAccountTest" name="verifyUserIsAbleToLogout" time="11.490"/>
  <system-out/>
  <testcase classname="assignmentWeek17.Tests.MyAccountTest" name="verifySubscription" time="10.234"/>
  <system-out/>
</testsuite> <!-- assignmentWeek17.Tests.MyAccountTest -->
