<?xml version="1.0" encoding="UTF-8"?>
<!-- Generated by org.testng.reporters.JUnitReportReporter -->
<testsuite hostname="DESKTOP-D7BQHA7" failures="0" tests="1" name="assignmentWeek18.Tests.AddressBookTest" time="10.472" errors="0" timestamp="07 Jan. 2023 08:29:54 GMT" skipped="0">
  <testcase classname="assignmentWeek18.Tests.AddressBookTest" name="verification" time="10.472"/>
</testsuite> <!-- assignmentWeek18.Tests.AddressBookTest -->
