<?xml version="1.0" encoding="UTF-8"?>
<!-- Generated by org.testng.reporters.JUnitReportReporter -->
<testsuite hostname="DESKTOP-D7BQHA7" failures="0" tests="1" name="tests.MyAccountTest" time="11.792" errors="0" timestamp="04 Jan. 2023 08:08:02 GMT" skipped="0">
  <testcase classname="tests.MyAccountTest" name="verifyUserIsAbleToLogout" time="11.792"/>
</testsuite> <!-- tests.MyAccountTest -->
