<?xml version="1.0" encoding="UTF-8"?>
<!-- Generated by org.testng.reporters.JUnitReportReporter -->
<testsuite hostname="DESKTOP-D7BQHA7" failures="0" tests="5" name="assignmentWeek18.Tests.TestSomething" time="39.185" errors="0" timestamp="2023-01-12T03:00:18 EST" skipped="0">
  <testcase classname="assignmentWeek18.Tests.TestSomething" name="verifyUserIsAbleToAccountLogin" time="7.907"/>
  <system-out/>
  <testcase classname="assignmentWeek18.Tests.TestSomething" name="verifyUserIsAbleToAccountLogin" time="6.988"/>
  <system-out/>
  <testcase classname="assignmentWeek18.Tests.TestSomething" name="verifyUserIsAbleToAccountLogin" time="10.332"/>
  <system-out/>
  <testcase classname="assignmentWeek18.Tests.TestSomething" name="verifyUserIsAbleToAccountLogin" time="6.514"/>
  <system-out/>
  <testcase classname="assignmentWeek18.Tests.TestSomething" name="verifyUserIsAbleToAccountLogin" time="7.444"/>
  <system-out/>
</testsuite> <!-- assignmentWeek18.Tests.TestSomething -->
